<?xml version="1.0" encoding="UTF-8"?>
<!-- Generated by org.testng.reporters.JUnitXMLReporter -->
<testsuite hostname="DESKTOP-ENKLDEH" ignored="0" name="UserManageTest" tests="7" failures="0" timestamp="16 十二月 2024 08:03:46 GMT" time="0.83" errors="0">
  <testcase name="loginTrue" time="0.355" classname="com.course.cases.LoginTest"/>
  <testcase name="loginFalse" time="0.029" classname="com.course.cases.LoginTest"/>
  <testcase name="addUser" time="0.048" classname="com.course.cases.AddUserTest"/>
  <testcase name="deleteUser" time="0.025" classname="com.course.cases.UpdateUserInfoTest"/>
  <testcase name="updateUserInfo" time="0.024" classname="com.course.cases.UpdateUserInfoTest"/>
  <testcase name="getUserInfo" time="0.025" classname="com.course.cases.GetUserInfoTest"/>
  <testcase name="getUserListInfo" time="0.04" classname="com.course.cases.GetUserListTest"/>
</testsuite> <!-- UserManageTest -->
