<?xml version="1.0" encoding="UTF-8" ?>
<testsuite tests="7" failures="0" name="TestSuite" time="1.253" errors="0" skipped="0">
  <properties>
[...]
</properties>
  <testcase classname="com.course.cases.LoginTest" name="loginTrue" time="0.355"/>
  <testcase classname="com.course.cases.LoginTest" name="loginFalse" time="0.029"/>
  <testcase classname="com.course.cases.AddUserTest" name="addUser" time="0.048"/>
  <testcase classname="com.course.cases.UpdateUserInfoTest" name="deleteUser" time="0.026"/>
  <testcase classname="com.course.cases.UpdateUserInfoTest" name="updateUserInfo" time="0.024"/>
  <testcase classname="com.course.cases.GetUserInfoTest" name="getUserInfo" time="0.025"/>
  <testcase classname="com.course.cases.GetUserListTest" name="getUserListInfo" time="0.04"/>
</testsuite>